[13:21:38] [ServerMain/INFO]: Environment: authHost='https://authserver.mojang.com', accountsHost='https://api.mojang.com', sessionHost='https://sessionserver.mojang.com', servicesHost='https://api.minecraftservices.com', name='PROD'
[13:21:43] [ServerMain/WARN]: Ambiguity between arguments [teleport, location] and [teleport, destination] with inputs: [0.1 -0.5 .9, 0 0 0]
[13:21:43] [ServerMain/WARN]: Ambiguity between arguments [teleport, location] and [teleport, targets] with inputs: [0.1 -0.5 .9, 0 0 0]
[13:21:43] [ServerMain/WARN]: Ambiguity between arguments [teleport, destination] and [teleport, targets] with inputs: [Player, 0123, @e, dd12be42-52a9-4a91-a8a1-11c01849e498]
[13:21:43] [ServerMain/WARN]: Ambiguity between arguments [teleport, targets] and [teleport, destination] with inputs: [Player, 0123, dd12be42-52a9-4a91-a8a1-11c01849e498]
[13:21:43] [ServerMain/WARN]: Ambiguity between arguments [teleport, targets, location] and [teleport, targets, destination] with inputs: [0.1 -0.5 .9, 0 0 0]
[13:21:45] [Worker-Main-5/INFO]: Loaded 7 recipes
[13:21:46] [Worker-Main-5/INFO]: Loaded 1141 advancements
[13:21:50] [Server thread/INFO]: Starting minecraft server version 1.18.2
[13:21:50] [Server thread/INFO]: Loading properties
[13:21:50] [Server thread/INFO]: Default game type: SURVIVAL
[13:21:50] [Server thread/INFO]: Generating keypair
[13:21:50] [Server thread/INFO]: Starting Minecraft server on *:25565
[13:21:50] [Server thread/INFO]: Using epoll channel type
[13:21:50] [Server thread/WARN]: **** SERVER IS RUNNING IN OFFLINE/INSECURE MODE!
[13:21:50] [Server thread/WARN]: The server will make no attempt to authenticate usernames. Beware.
[13:21:50] [Server thread/WARN]: While this makes the game possible to play without internet access, it also opens up the ability for hackers to connect with any username they choose.
[13:21:50] [Server thread/WARN]: To change this, set "online-mode" to "true" in the server.properties file.
[13:21:50] [Server thread/INFO]: Preparing level "world"
[13:21:51] [Server thread/INFO]: Preparing start region for dimension minecraft:overworld
[13:21:54] [Worker-Main-6/INFO]: Preparing spawn area: 0%
[13:21:54] [Worker-Main-6/INFO]: Preparing spawn area: 0%
[13:21:54] [Worker-Main-6/INFO]: Preparing spawn area: 0%
[13:21:54] [Worker-Main-6/INFO]: Preparing spawn area: 0%
[13:21:54] [Worker-Main-6/INFO]: Preparing spawn area: 0%
[13:21:54] [Worker-Main-6/INFO]: Preparing spawn area: 0%
[13:21:54] [Worker-Main-6/INFO]: Preparing spawn area: 0%
[13:21:54] [Worker-Main-4/INFO]: Preparing spawn area: 0%
[13:21:55] [Worker-Main-6/INFO]: Preparing spawn area: 0%
[13:21:55] [Worker-Main-4/INFO]: Preparing spawn area: 0%
[13:21:56] [Worker-Main-4/INFO]: Preparing spawn area: 0%
[13:21:56] [Worker-Main-6/INFO]: Preparing spawn area: 0%
[13:21:57] [Worker-Main-4/INFO]: Preparing spawn area: 0%
[13:21:57] [Worker-Main-6/INFO]: Preparing spawn area: 0%
[13:21:58] [Worker-Main-6/INFO]: Preparing spawn area: 0%
[13:21:58] [Worker-Main-4/INFO]: Preparing spawn area: 0%
[13:21:59] [Worker-Main-6/INFO]: Preparing spawn area: 0%
[13:21:59] [Worker-Main-4/INFO]: Preparing spawn area: 1%
[13:22:00] [Worker-Main-4/INFO]: Preparing spawn area: 4%
[13:22:00] [Worker-Main-4/INFO]: Preparing spawn area: 4%
[13:22:01] [Worker-Main-4/INFO]: Preparing spawn area: 4%
[13:22:01] [Worker-Main-4/INFO]: Preparing spawn area: 4%
[13:22:02] [Worker-Main-6/INFO]: Preparing spawn area: 6%
[13:22:02] [Worker-Main-4/INFO]: Preparing spawn area: 9%
[13:22:03] [Worker-Main-4/INFO]: Preparing spawn area: 11%
[13:22:03] [Worker-Main-6/INFO]: Preparing spawn area: 16%
[13:22:04] [Worker-Main-4/INFO]: Preparing spawn area: 25%
[13:22:04] [Worker-Main-6/INFO]: Preparing spawn area: 39%
[13:22:05] [Worker-Main-4/INFO]: Preparing spawn area: 45%
[13:22:05] [Worker-Main-6/INFO]: Preparing spawn area: 58%
[13:22:06] [Worker-Main-6/INFO]: Preparing spawn area: 71%
[13:22:06] [Worker-Main-6/INFO]: Preparing spawn area: 90%
[13:22:08] [Server thread/INFO]: Time elapsed: 17099 ms
[13:22:08] [Server thread/INFO]: Done (17.461s)! For help, type "help"
[13:22:11] [Server thread/WARN]: Can't keep up! Is the server overloaded? Running 2020ms or 40 ticks behind
[13:22:22] [Server thread/INFO]: Loopmaster69[/151.243.71.227:50676] logged in with entity id 191 at (-67.0136965937336, 66.0, -49.38492149566512)
[13:22:22] [Server thread/INFO]: Loopmaster69 joined the game
[15:50:24] [Server thread/WARN]: Can't keep up! Is the server overloaded? Running 8243013ms or 164860 ticks behind
[15:50:24] [Server Watchdog/ERROR]: A single server tick took 8243.00 seconds (should be max 0.05)
[15:50:24] [Server Watchdog/ERROR]: Considering it to be crashed, server will forcibly shutdown.
